build/app/outputs/mapping/release/seeds.txt
com.example.crm.MainActivity
com.example.crm.MainActivity: MainActivity()
...
androidx.work.impl.Api21Impl: java.io.File getNoBackupFilesDir(android.content.Context)
androidx.core.app.NotificationCompat$BigPictureStyle$Api23Impl: void setBigLargeIcon(android.app.Notification$BigPictureStyle,android.graphics.drawable.Icon)
androidx.vectordrawable.graphics.drawable.VectorDrawableCompat$VPathRenderer: float getAlpha()
androidx.core.app.NotificationCompatBuilder$Api28Impl: android.app.Notification$Action$Builder setSemanticAction(android.app.Notification$Action$Builder,int)
io.flutter.plugins.pathprovider.Messages$StorageDirectory: io.flutter.plugins.pathprovider.Messages$StorageDirectory[] values()
io.flutter.embedding.engine.FlutterJNI: void onPreEngineRestart()
androidx.activity.OnBackPressedDispatcher$Api33Impl: void registerOnBackInvokedCallback(java.lang.Object,int,java.lang.Object)
androidx.recyclerview.widget.RecyclerView: int getMaxFlingVelocity()
androidx.lifecycle.ProcessLifecycleOwner$attach$1: void onActivityCreated(android.app.Activity,android.os.Bundle)
androidx.core.graphics.drawable.DrawableCompat$Api21Impl: void inflate(android.graphics.drawable.Drawable,android.content.res.Resources,org.xmlpull.v1.XmlPullParser,android.util.AttributeSet,android.content.res.Resources$Theme)
com.dexterous.flutterlocalnotifications.FlutterLocalNotificationsPlugin: void setupNotificationChannel(android.content.Context,com.dexterous.flutterlocalnotifications.models.NotificationChannelDetails)
io.flutter.embedding.engine.renderer.FlutterRenderer$DisplayFeatureType: io.flutter.embedding.engine.renderer.FlutterRenderer$DisplayFeatureType valueOf(java.lang.String)
androidx.core.app.AppOpsManagerCompat$Api23Impl: int noteProxyOpNoThrow(android.app.AppOpsManager,java.lang.String,java.lang.String)
androidx.core.os.ConfigurationCompat$Api24Impl: void setLocales(android.content.res.Configuration,androidx.core.os.LocaleListCompat)
androidx.core.app.NotificationCompat$MessagingStyle$Message$Api24Impl: android.app.Notification$MessagingStyle$Message setData(android.app.Notification$MessagingStyle$Message,java.lang.String,android.net.Uri)
io.flutter.embedding.engine.plugins.lifecycle.HiddenLifecycleReference: androidx.lifecycle.Lifecycle getLifecycle()
androidx.appcompat.widget.LinearLayoutCompat: void setDividerPadding(int)
io.flutter.embedding.engine.renderer.FlutterRenderer$ImageTextureRegistryEntry: void finalize()
org.chromium.support_lib_boundary.FeatureFlagHolderBoundaryInterface: java.lang.String[] getSupportedFeatures()
com.dexterous.flutterlocalnotifications.models.RepeatInterval: com.dexterous.flutterlocalnotifications.models.RepeatInterval[] values()
androidx.appcompat.widget.ViewStubCompat: void setInflatedId(int)
androidx.appcompat.widget.ActionBarContainer: ActionBarContainer(android.content.Context,android.util.AttributeSet)
androidx.core.view.ViewCompat$Api26Impl: int getNextClusterForwardId(android.view.View)
androidx.core.view.VelocityTrackerCompat$Api34Impl: float getAxisVelocity(android.view.VelocityTracker,int)
androidx.appcompat.widget.ButtonBarLayout: ButtonBarLayout(android.content.Context,android.util.AttributeSet)
android.support.v4.media.AudioAttributesCompatParcelizer: AudioAttributesCompatParcelizer()
com.dexterous.flutterlocalnotifications.FlutterLocalNotificationsPlugin: androidx.core.graphics.drawable.IconCompat getIconFromSource(android.content.Context,java.lang.Object,com.dexterous.flutterlocalnotifications.models.IconSource)
androidx.core.view.accessibility.AccessibilityNodeInfoCompat$Api34Impl: void setQueryFromAppProcessEnabled(android.view.accessibility.AccessibilityNodeInfo,android.view.View,boolean)
com.google.android.gms.internal.measurement.zzjp: com.google.android.gms.internal.measurement.zzjp[] values()
androidx.core.view.accessibility.AccessibilityNodeInfoCompat$Api33Impl: boolean isTextSelectable(android.view.accessibility.AccessibilityNodeInfo)
com.google.android.gms.measurement.AppMeasurementService: AppMeasurementService()