build/app/outputs/mapping/release/usage.txt
com.example.crm.R$drawable
com.example.crm.R$mipmap
com.example.crm.R$string
com.example.crm.R$style
com.example.crm.R
...
com.google.common.net.InetAddresses
com.google.common.net.InternetDomainName
com.google.common.net.MediaType$Tokenizer
com.google.common.net.MediaType
com.google.common.net.ParametricNullness
com.google.common.net.PercentEscaper
com.google.common.net.UrlEscapers
com.google.common.net.package-info
com.google.common.primitives.Booleans$BooleanArrayAsList
com.google.common.primitives.Booleans$BooleanComparator
com.google.common.primitives.Booleans$LexicographicalComparator
com.google.common.primitives.Booleans:
    private void <init>()
    static synthetic int access$000(boolean[],boolean,int,int)
    static synthetic int access$100(boolean[],boolean,int,int)
    public static varargs java.util.List asList(boolean[])
    public static varargs boolean[] concat(boolean[][])
    public static varargs int countTrue(boolean[])
    public static boolean[] ensureCapacity(boolean[],int,int)
    public static java.util.Comparator falseFirst()
    public static int hashCode(boolean)
    public static int indexOf(boolean[],boolean)
    private static int indexOf(boolean[],boolean,int,int)
    public static int indexOf(boolean[],boolean[])
    public static varargs java.lang.String join(java.lang.String,boolean[])
    public static int lastIndexOf(boolean[],boolean)
    private static int lastIndexOf(boolean[],boolean,int,int)
    public static java.util.Comparator lexicographicalComparator()
    public static void reverse(boolean[])
    public static void reverse(boolean[],int,int)
    public static void rotate(boolean[],int)
    public static void rotate(boolean[],int,int,int)
    public static boolean[] toArray(java.util.Collection)
    public static java.util.Comparator trueFirst()
com.google.common.primitives.Bytes$ByteArrayAsList
com.google.common.primitives.Bytes:
    private void <init>()
    static synthetic int access$000(byte[],byte,int,int)
    static synthetic int access$100(byte[],byte,int,int)
    public static varargs java.util.List asList(byte[])
    public static varargs byte[] concat(byte[][])
    public static boolean contains(byte[],byte)
    public static byte[] ensureCapacity(byte[],int,int)
    public static int hashCode(byte)
    public static int indexOf(byte[],byte)
    private static int indexOf(byte[],byte,int,int)
    public static int lastIndexOf(byte[],byte)
    private static int lastIndexOf(byte[],byte,int,int)
    public static void reverse(byte[])
    public static void reverse(byte[],int,int)
    public static void rotate(byte[],int)
    public static void rotate(byte[],int,int,int)
    public static byte[] toArray(java.util.Collection)
com.google.common.primitives.Chars$CharArrayAsList
com.google.common.primitives.Chars$LexicographicalComparator